<?xml version="1.0" encoding="UTF-8"?>
<!-- Generated by org.testng.reporters.JUnitXMLReporter -->
<testsuite hostname="BDC6-DX-J0MVXC2" ignored="0" name="Default test" tests="4" failures="0" timestamp="19 Jul 2019 10:43:49 GMT" time="48.158" errors="0">
  <testcase name="testRegistration" time="6.19" classname="testmeapp.tests.OnlineShoppingTest"/>
  <testcase name="testLogin" time="0.496" classname="testmeapp.tests.OnlineShoppingTest"/>
  <testcase name="testCart" time="11.571" classname="testmeapp.tests.OnlineShoppingTest"/>
  <testcase name="testPayment" time="19.621" classname="testmeapp.tests.OnlineShoppingTest"/>
</testsuite> <!-- Default test -->
